 
****************************************
Report : timing
        -path full
        -delay max
        -max_paths 1
Design : MyDesign
Version: T-2022.03-SP4
Date   : Tue Nov 28 00:39:06 2023
****************************************

Operating Conditions: slow   Library: NangateOpenCellLibrary_PDKv1_2_v2008_10_slow_nldm
Wire Load Model Mode: top

  Startpoint: current_state_reg[0]
              (rising edge-triggered flip-flop clocked by clk)
  Endpoint: q_state_output_sram_write_data[96]
            (output port clocked by clk)
  Path Group: clk
  Path Type: max

  Point                                                   Incr       Path
  --------------------------------------------------------------------------
  clock clk (rise edge)                                 0.0000     0.0000
  clock network delay (ideal)                           0.0000     0.0000
  current_state_reg[0]/CK (DFF_X1)                      0.0000     0.0000 r
  current_state_reg[0]/Q (DFF_X1)                       0.5702     0.5702 r
  U5291/ZN (NAND2_X1)                                   0.2038     0.7740 f
  U6167/ZN (NOR2_X1)                                    0.5915     1.3655 r
  U5402/ZN (INV_X1)                                     0.1665     1.5319 f
  U5401/ZN (INV_X4)                                     0.4879     2.0199 r
  U6740/ZN (AOI22_X1)                                   0.1497     2.1696 f
  U4989/ZN (AND2_X1)                                    0.2636     2.4332 f
  U6744/ZN (NAND4_X1)                                   0.2416     2.6747 r
  U7689/ZN (XNOR2_X1)                                   0.9658     3.6405 r
  U1399/ZN (INV_X1)                                     0.2352     3.8758 f
  U1491/ZN (INV_X4)                                     0.6824     4.5581 r
  U7690/ZN (NAND2_X1)                                   0.1864     4.7445 f
  U1880/ZN (INV_X1)                                     0.2434     4.9879 r
  U22267/ZN (INV_X4)                                    0.2288     5.2167 f
  U10570/ZN (OAI22_X1)                                  0.3477     5.5644 r
  U10683/S (FA_X1)                                      0.8235     6.3879 f
  U10688/CO (FA_X1)                                     0.5394     6.9273 f
  U10865/CO (FA_X1)                                     0.6701     7.5974 f
  U11884/CO (FA_X1)                                     0.6211     8.2185 f
  U11892/CO (FA_X1)                                     0.6017     8.8202 f
  U11897/CO (FA_X1)                                     0.5172     9.3374 f
  U11916/S (FA_X1)                                      0.7993    10.1368 r
  U11911/S (FA_X1)                                      0.7140    10.8508 f
  U11887/ZN (NAND2_X1)                                  0.1443    10.9951 r
  U11890/ZN (OAI211_X1)                                 0.2001    11.1952 f
  U11939/S (FA_X1)                                      0.8785    12.0737 f
  U14304/ZN (NAND2_X1)                                  0.1583    12.2320 r
  U14310/ZN (INV_X1)                                    0.0583    12.2903 f
  U14311/ZN (AOI21_X1)                                  0.3954    12.6857 r
  U14330/ZN (OAI21_X1)                                  0.1490    12.8347 f
  U14356/ZN (AOI21_X1)                                  0.2007    13.0354 r
  U14357/ZN (OAI21_X1)                                  0.1831    13.2185 f
  U14460/ZN (AOI21_X1)                                  0.2334    13.4519 r
  U2522/ZN (OR2_X1)                                     0.2037    13.6556 r
  U2518/ZN (AND3_X1)                                    0.2122    13.8678 r
  U5985/ZN (INV_X1)                                     0.1252    13.9930 f
  U14912/ZN (AOI21_X1)                                  0.2350    14.2280 r
  U1506/ZN (INV_X1)                                     0.1671    14.3951 f
  U15052/ZN (AOI21_X1)                                  0.2472    14.6423 r
  U1508/ZN (INV_X1)                                     0.1534    14.7957 f
  U15121/ZN (AOI21_X1)                                  0.2448    15.0404 r
  U1507/ZN (INV_X1)                                     0.1369    15.1773 f
  U15153/ZN (AOI21_X1)                                  0.2420    15.4192 r
  U15154/ZN (INV_X1)                                    0.1204    15.5396 f
  U15162/ZN (AOI21_X1)                                  0.2868    15.8264 r
  U15163/Z (XOR2_X1)                                    0.8013    16.6277 r
  U15336/S (HA_X1)                                      0.6115    17.2393 r
  U15383/ZN (NOR2_X1)                                   0.1411    17.3804 f
  U15384/ZN (NAND2_X1)                                  0.1863    17.5666 r
  U15583/ZN (AOI21_X1)                                  0.1187    17.6853 f
  U15586/ZN (OAI21_X1)                                  0.2563    17.9416 r
  U15587/ZN (OR2_X1)                                    0.1942    18.1358 r
  U15588/ZN (AOI21_X1)                                  0.0778    18.2136 f
  U15589/ZN (OAI21_X1)                                  0.3683    18.5818 r
  U2484/ZN (INV_X2)                                     0.2173    18.7991 f
  U15607/ZN (NAND2_X1)                                  0.2677    19.0669 r
  U5388/ZN (INV_X1)                                     0.0706    19.1375 f
  U16726/ZN (AOI21_X1)                                  0.2679    19.4054 r
  U6029/ZN (NAND2_X1)                                   0.1780    19.5833 f
  U16743/ZN (NAND3_X1)                                  0.2019    19.7852 r
  U3879/Z (XOR2_X1)                                     0.5505    20.3357 r
  U16745/S (FA_X1)                                      0.7425    21.0782 f
  U3887/ZN (NAND2_X1)                                   0.1773    21.2555 r
  U16756/ZN (OAI21_X1)                                  0.1785    21.4340 f
  U16765/ZN (AOI21_X1)                                  0.2070    21.6410 r
  U16766/ZN (OAI21_X1)                                  0.1827    21.8237 f
  U16769/ZN (XNOR2_X1)                                  0.2707    22.0944 f
  U16770/ZN (NOR2_X1)                                   0.2270    22.3214 r
  U16923/ZN (NAND4_X1)                                  0.1038    22.4253 f
  U1536/ZN (NAND2_X1)                                   0.2295    22.6547 r
  U2301/ZN (OR2_X1)                                     0.2389    22.8936 r
  U5210/ZN (OR2_X1)                                     0.1503    23.0440 r
  U17037/ZN (AND2_X2)                                   0.1563    23.2003 r
  U2271/ZN (NAND2_X2)                                   0.0879    23.2882 f
  U1636/ZN (OR2_X2)                                     0.2900    23.5781 f
  U5747/ZN (INV_X4)                                     0.4313    24.0094 r
  U18339/Z (MUX2_X1)                                    0.8382    24.8477 f
  U18640/Z (MUX2_X1)                                    0.4929    25.3405 f
  U5526/ZN (AOI21_X1)                                   0.2011    25.5416 r
  U2130/ZN (INV_X1)                                     0.0712    25.6128 f
  U5524/ZN (NAND2_X1)                                   0.1989    25.8116 r
  U6103/ZN (INV_X1)                                     0.0719    25.8836 f
  U18644/ZN (OAI211_X1)                                 0.2655    26.1491 r
  U18645/ZN (NAND2_X1)                                  0.1032    26.2523 f
  U18647/ZN (NAND2_X1)                                  0.1707    26.4230 r
  U18661/ZN (NAND2_X1)                                  0.0889    26.5119 f
  U18685/ZN (NAND4_X1)                                  0.2800    26.7919 r
  U2032/ZN (INV_X1)                                     0.1167    26.9086 f
  U32113/ZN (NOR2_X1)                                   0.1584    27.0669 r
  U32115/ZN (NAND2_X1)                                  0.1017    27.1686 f
  U32116/ZN (NOR2_X1)                                   0.2713    27.4399 r
  U32385/ZN (NAND2_X1)                                  0.1055    27.5454 f
  U1606/ZN (NOR2_X2)                                    0.5847    28.1301 r
  U33601/ZN (NAND2_X1)                                  0.1496    28.2796 f
  U33602/Z (XOR2_X1)                                    0.4022    28.6818 f
  U1556/ZN (AOI222_X1)                                  0.9488    29.6306 r
  U33603/ZN (INV_X4)                                    0.2305    29.8611 f
  q_state_output_sram_write_data[96] (out)              0.0000    29.8611 f
  data arrival time                                               29.8611

  clock clk (rise edge)                                30.5000    30.5000
  clock network delay (ideal)                           0.0000    30.5000
  clock uncertainty                                    -0.0500    30.4500
  output external delay                                -0.5660    29.8840
  data required time                                              29.8840
  --------------------------------------------------------------------------
  data required time                                              29.8840
  data arrival time                                              -29.8611
  --------------------------------------------------------------------------
  slack (MET)                                                      0.0229


1
